로그 기록 시작
2023-09-08 15:29:13,396 강현서 송금 200박 장한서
2023-09-08 15:29:32,247 장한서 송금 100박 이정훈
2023-09-08 15:44:49,547 장한서 송금 100박 고동혁
2023-09-08 15:45:40,146 천상욱 송금 30박 고동혁
2023-09-08 15:49:20,007 정부 벌금 200박 강수현 사유: 자리경매
2023-09-08 15:49:50,110 정부 벌금 50박 고동혁 사유: 자리경매
2023-09-08 15:50:10,978 정부 상금 150박 박인준 사유: 자리경매
2023-09-08 15:50:30,488 정부 벌금 150박 배범서 사유: 자리경매
2023-09-08 15:50:56,382 정부 벌금 150박 선종윤 사유: 자리경매
2023-09-08 15:51:05,394 정부 상금 200박 손수현 사유: 자리경매
2023-09-08 15:51:20,403 정부 벌금 200박 심상균 사유: 자리경매
2023-09-08 15:51:34,862 정부 벌금 290박 정유석 사유: 자리경매
2023-09-08 15:51:46,021 정부 상금 200박 최승빈 사유: 자리경매
2023-09-08 15:52:01,896 정부 상금 340박 최현석 사유: 자리경매
2023-09-08 15:52:11,797 정부 벌금 50박 홍승우 사유: 자리경매
2023-09-08 15:52:20,552 정부 상금 200박 허지완 사유: 자리경매
2023-09-09 00:14:21,709 이정훈 송금 1박 방서준
2023-09-09 00:14:54,532 한예준 송금 2박 방서준
2023-09-09 00:15:30,702 이정훈 송금 19박 방서준
2023-09-09 00:34:46,765 강휘 송금 1박 강휘
2023-09-09 00:35:30,986 강휘 송금 1박 강휘
2023-09-09 00:39:50,570 방서준 송금 1박 방서준
2023-09-09 00:40:03,536 정부 벌금 2박 강휘 사유: 버그
2023-09-09 00:54:44,303 한예준 송금 1박 방서준
2023-09-09 01:16:08,625 정부 벌금 1박 방서준 사유: 디버깅
2023-09-09 08:52:24,139 정유석 송금 10박 방서준
2023-09-11 00:06:41,105 한예준 송금 30박 심상균
2023-09-11 12:36:41,689 하재윤 송금 100박 이성준
2023-09-11 12:42:30,167 최찬규 송금 50박 방서준
2023-09-11 12:46:10,120 하재윤 송금 100박 방서준
2023-09-11 12:46:39,482 배성진 송금 100박 방서준
2023-09-11 12:47:02,619 박인준 송금 100박 방서준
2023-09-11 13:52:00,413 홍승우 송금 20박 김정호
2023-09-11 19:13:35,797 정부 상금 100박 강수현 사유: 주급
2023-09-11 19:13:53,168 정부 상금 100박 강휘 사유: 주급
2023-09-11 19:14:02,261 정부 상금 120박 고동혁 사유: 주급
2023-09-11 19:14:17,961 정부 상금 100박 나현서 사유: 주급
2023-09-11 19:14:33,608 정부 상금 100박 노노아 사유: 주급
2023-09-11 19:14:42,414 정부 상금 100박 박인준 사유: 주급
2023-09-11 19:14:59,058 정부 상금 100박 방서준 사유: 주급
2023-09-11 19:15:07,752 정부 상금 120박 배범서 사유: 주급
2023-09-11 19:15:23,782 정부 상금 100박 배성진 사유: 주급
2023-09-11 19:15:33,077 정부 상금 100박 선종윤 사유: 주급
2023-09-11 19:15:40,276 정부 상금 100박 손수현 사유: 주급
2023-09-11 19:15:51,375 정부 상금 150박 심상균 사유: 주급
2023-09-11 19:16:01,157 정부 상금 100박 이성준 사유: 주급
2023-09-11 19:16:17,468 정부 상금 100박 이정현 사유: 주급
2023-09-11 19:16:26,840 정부 상금 100박 이정훈 사유: 주급
2023-09-11 19:16:42,309 정부 상금 100박 전우혁 사유: 주급
2023-09-11 19:16:52,598 정부 상금 100박 정유석 사유: 주급
2023-09-11 19:17:01,371 정부 상금 100박 천상욱 사유: 주급
2023-09-11 19:17:10,286 정부 상금 100박 최승빈 사유: 주급
2023-09-11 19:17:21,005 정부 상금 100박 최준하 사유: 주급
2023-09-11 19:17:33,182 정부 상금 100박 최찬규 사유: 주급
2023-09-11 19:17:41,715 정부 상금 120박 최현석 사유: 주급
2023-09-11 19:17:52,160 정부 상금 150박 하재윤 사유: 주급
2023-09-11 19:18:03,502 정부 상금 150박 한예준 사유: 주급
2023-09-11 19:18:11,409 정부 상금 100박 홍승우 사유: 주급
2023-09-11 19:18:25,766 정부 상금 100박 홍주성 사유: 주급
2023-09-11 19:18:36,210 정부 상금 100박 김명식 사유: 주급
2023-09-11 19:18:50,240 정부 상금 100박 허지완 사유: 주급
2023-09-11 19:23:53,702 정부 상금 100박 김정호 사유: 주급
2023-09-11 19:51:30,957 정부 상금 40박 방서준 사유: 프로그램 관리
2023-09-11 20:19:49,841 방서준 송금 100박 한예준
2023-09-11 23:00:48,505 정유석 송금 100박 최준하
2023-09-12 08:01:49,827 고동혁 송금 100박 방서준
2023-09-12 08:56:19,442 정부 벌금 50박 심상균 사유: 냉난방결정권
2023-09-12 08:57:27,963 정부 벌금 20박 심상균 사유: 냉난방결정권 경매 추가금
2023-09-12 11:01:23,489 방서준 송금 50박 최현석
2023-09-12 11:57:07,820 홍승우 송금 70박 방서준
2023-09-12 11:57:36,442 한예준 송금 30박 방서준
2023-09-12 12:00:18,631 전우혁 송금 100박 홍승우
2023-09-12 12:00:52,044 한예준 송금 100박 홍승우
2023-09-12 12:04:09,000 이성준 송금 69박 한예준
2023-09-12 12:05:39,247 이성준 송금 74박 한예준
2023-09-12 12:49:41,015 홍승우 송금 10박 김정호
2023-09-12 12:50:24,651 한예준 송금 50박 전우혁
2023-09-12 12:50:52,980 한예준 송금 300박 방서준
2023-09-12 12:50:53,679 박인준 송금 400박 하재윤
2023-09-12 12:51:41,876 박인준 송금 150박 방서준
2023-09-12 12:53:12,976 홍주성 송금 50박 방서준
2023-09-12 12:53:38,445 장은혁 송금 50박 최현석
