2023-09-08 13:35:30,736 계좌 개설 성공!
2023-09-08 15:52:01,896 정부 상금 340박 최현석 사유: 자리경매
2023-09-11 19:17:41,715 정부 상금 120박 최현석 사유: 주급
2023-09-12 11:01:23,489 방서준 송금 50박 최현석
2023-09-12 12:53:38,445 장은혁 송금 50박 최현석
2023-09-13 22:57:52,034 홍주성 송금 20박 최현석
2023-09-14 11:42:02,189 최현석 송금 300박 선종윤
2023-09-14 12:56:05,257 최현석 송금 100박 방서준
2023-09-14 13:01:19,083 최현석 송금 50박 방서준
2023-09-14 13:06:17,365 방서준 송금 460박 최현석
2023-09-14 13:07:25,565 선종윤 송금 300박 최현석
2023-09-14 22:40:51,706 최현석 송금 100박 방서준
2023-09-15 00:37:54,801 최현석 송금 100박 방서준
2023-09-15 01:22:08,627 방서준 송금 80박 최현석
2023-09-15 01:24:25,059 최현석 송금 200박 방서준
2023-09-15 01:31:44,863 최현석 송금 100박 방서준
2023-09-15 02:21:26,630 방서준 송금 100박 최현석
2023-09-15 02:26:02,630 최현석 송금 100박 방서준
2023-09-15 02:27:17,873 방서준 송금 200박 최현석
2023-09-15 02:38:32,147 최현석 송금 300박 장은혁
2023-09-15 03:39:23,150 장은혁 송금 330박 최현석
2023-09-15 11:44:54,696 최현석 송금 200박 정유석
